Arguments: 
  C:\Program Files\nodejs\node.exe C:\Users\sajeganathan\AppData\Roaming\npm\node_modules\yarn\bin\yarn.js dev

PATH: 
  C:\ProgramData\Oracle\Java\javapath;C:\PERL51001\Perl\site\bin;C:\PERL51001\Perl\bin;C:\Program Files (x86)\RSA SecurID Token Common;C:\WINDOWS\system32;C:\WINDOWS;C:\WINDOWS\System32\Wbem;C:\WINDOWS\System32\WindowsPowerShell\v1.0\;C:\Program Files\Git\cmd;C:\Program Files (x86)\Perforce;C:\Program Files (x86)\Windows Kits\8.1\Windows Performance Toolkit\;C:\Program Files (x86)\Skype\Phone\;C:\WINDOWS\System32\WindowsPowerShell\v1.0\;C:\Program Files\nodejs\;C:\Program Files\apache-maven-3.3.9\bin;C:\Program Files\Java\jre1.8.0_131\bin;%PYTHON%;C:\Program Files (x86)\Microsoft VS Code\bin;;C:\Users\sajeganathan\AppData\Local\Microsoft\WindowsApps;C:\Users\sajeganathan\AppData\Roaming\npm

Yarn version: 
  1.5.1

Node version: 
  6.11.1

Platform: 
  win32 x64

npm manifest: 
  {
    "name": "alti",
    "version": "1.0.0",
    "description": "login page",
    "main": "index.js",
    "scripts": {
      "test": "grunt test"
    },
    "author": "Saravanan Jeganathan",
    "license": "ISC",
    "dependencies": {
      "body-parser": "^1.18.2",
      "express": "^4.16.3",
      "yarn": "^1.5.1"
    }
  }

yarn manifest: 
  No manifest

Lockfile: 
  No lockfile

Trace: 
  Error: Command "dev" not found.
      at MessageError.Error (native)
      at new MessageError (C:\Users\sajeganathan\AppData\Roaming\npm\node_modules\yarn\lib\cli.js:186:110)
      at C:\Users\sajeganathan\AppData\Roaming\npm\node_modules\yarn\lib\cli.js:87307:17
      at next (native)
      at step (C:\Users\sajeganathan\AppData\Roaming\npm\node_modules\yarn\lib\cli.js:98:30)
      at C:\Users\sajeganathan\AppData\Roaming\npm\node_modules\yarn\lib\cli.js:116:14
      at Promise.F (C:\Users\sajeganathan\AppData\Roaming\npm\node_modules\yarn\lib\cli.js:23451:28)
      at C:\Users\sajeganathan\AppData\Roaming\npm\node_modules\yarn\lib\cli.js:95:12
      at runCommand (C:\Users\sajeganathan\AppData\Roaming\npm\node_modules\yarn\lib\cli.js:87312:22)
      at Object.<anonymous> (C:\Users\sajeganathan\AppData\Roaming\npm\node_modules\yarn\lib\cli.js:87412:14)
